\BOOKMARK [0][-]{chapter.1}{\376\377\000I\000n\000s\000t\000a\000l\000l\000a\000t\000i\000o\000n\000\040\000a\000n\000d\000\040\000e\000x\000e\000c\000u\000t\000i\000o\000n}{}% 1
\BOOKMARK [1][-]{section.1.1}{\376\377\000I\000n\000s\000t\000a\000l\000l\000a\000t\000i\000o\000n\000\040\000A\000M\000P\0002}{chapter.1}% 2
\BOOKMARK [2][-]{subsection.1.1.1}{\376\377\000S\000y\000s\000t\000e\000m\000\040\000r\000e\000q\000u\000i\000r\000e\000m\000e\000n\000t\000s}{section.1.1}% 3
\BOOKMARK [2][-]{subsection.1.1.2}{\376\377\000I\000n\000s\000t\000a\000l\000l\000a\000t\000i\000o\000n}{section.1.1}% 4
\BOOKMARK [1][-]{section.1.2}{\376\377\000E\000s\000s\000e\000n\000t\000i\000a\000l\000\040\000s\000e\000t\000t\000i\000n\000g}{chapter.1}% 5
\BOOKMARK [2][-]{subsection.1.2.1}{\376\377\000S\000e\000t\000t\000i\000n\000g\000\040\000o\000f\000\040\000c\000o\000n\000f\000i\000g\000u\000r\000a\000t\000i\000o\000n\000\040\000f\000i\000l\000e}{section.1.2}% 6
\BOOKMARK [1][-]{section.1.3}{\376\377\000E\000x\000e\000c\000u\000t\000i\000o\000n\000\040\000A\000M\000P\0002}{chapter.1}% 7
\BOOKMARK [0][-]{chapter.2}{\376\377\000O\000v\000e\000r\000v\000i\000e\000w}{}% 8
\BOOKMARK [1][-]{section.2.1}{\376\377\000P\000r\000e\000p\000a\000r\000i\000n\000g\000\040\000i\000n\000p\000u\000t\000\040\000f\000i\000l\000e\000s}{chapter.2}% 9
\BOOKMARK [1][-]{section.2.2}{\376\377\000R\000u\000n\000n\000i\000n\000g\000\040\000A\000M\000P\0002}{chapter.2}% 10
\BOOKMARK [1][-]{section.2.3}{\376\377\000O\000u\000t\000p\000u\000t\000s}{chapter.2}% 11
\BOOKMARK [1][-]{section.2.4}{\376\377\000L\000i\000s\000t\000\040\000o\000f\000\040\000s\000o\000u\000r\000c\000e\000\040\000c\000o\000d\000e\000s}{chapter.2}% 12
\BOOKMARK [0][-]{chapter.3}{\376\377\000I\000n\000p\000u\000t}{}% 13
\BOOKMARK [1][-]{section.3.1}{\376\377\000I\000n\000p\000u\000t\000\040\000f\000i\000l\000e\000s}{chapter.3}% 14
\BOOKMARK [2][-]{subsection.3.1.1}{\376\377\000S\000t\000r\000u\000c\000t\000u\000r\000e\000\040\000f\000i\000l\000e}{section.3.1}% 15
\BOOKMARK [2][-]{subsection.3.1.2}{\376\377\000C\000o\000n\000f\000i\000g\000u\000r\000a\000t\000i\000o\000n}{section.3.1}% 16
\BOOKMARK [1][-]{section.3.2}{\376\377\000C\000o\000n\000f\000i\000g\000u\000r\000a\000t\000i\000o\000n}{chapter.3}% 17
\BOOKMARK [2][-]{subsection.3.2.1}{\376\377\000D\000i\000r\000e\000c\000t\000o\000r\000y}{section.3.2}% 18
\BOOKMARK [2][-]{subsection.3.2.2}{\376\377\000P\000r\000o\000g\000r\000a\000m}{section.3.2}% 19
\BOOKMARK [2][-]{subsection.3.2.3}{\376\377\000C\000a\000l\000c\000u\000l\000a\000t\000i\000o\000n}{section.3.2}% 20
\BOOKMARK [2][-]{subsection.3.2.4}{\376\377\000V\000a\000s\000p\000\137\000p\000a\000r\000a\000l\000l\000e\000l}{section.3.2}% 21
\BOOKMARK [2][-]{subsection.3.2.5}{\376\377\000c\000i\000f\0002\000v\000a\000s\000p}{section.3.2}% 22
\BOOKMARK [2][-]{subsection.3.2.6}{\376\377\000H\000y\000b\000r\000i\000d\000\137\000o\000n\000e\000s\000h\000o\000t}{section.3.2}% 23
\BOOKMARK [2][-]{subsection.3.2.7}{\376\377\000E\000f\000f\000e\000c\000t\000i\000v\000e\000\137\000m\000a\000s\000s}{section.3.2}% 24
\BOOKMARK [1][-]{section.3.3}{\376\377\000A\000d\000v\000a\000n\000c\000e\000d\000\040\000c\000o\000n\000f\000i\000g\000u\000r\000a\000t\000i\000o\000n}{chapter.3}% 25
\BOOKMARK [0][-]{chapter.4}{\376\377\000O\000u\000t\000p\000u\000t}{}% 26
\BOOKMARK [1][-]{section.4.1}{\376\377\000O\000u\000t\000p\000u\000t\000\040\000f\000i\000l\000e\000s}{chapter.4}% 27
\BOOKMARK [2][-]{subsection.4.1.1}{\376\377\000I\000N\000P\000U\000T\0000}{section.4.1}% 28
\BOOKMARK [2][-]{subsection.4.1.2}{\376\377\000k\000p\000t\000e\000s\000t}{section.4.1}% 29
\BOOKMARK [2][-]{subsection.4.1.3}{\376\377\000e\000n\000c\000u\000t}{section.4.1}% 30
\BOOKMARK [2][-]{subsection.4.1.4}{\376\377\000r\000e\000l\000a\000x\000\137\000P\000O\000T\000\040\000\050\000P\000O\000T\000\040\000=\000\040\000G\000G\000A\000\040\000o\000r\000\040\000L\000D\000A\000\051}{section.4.1}% 31
\BOOKMARK [2][-]{subsection.4.1.5}{\376\377\000m\000a\000g\000n\000e\000t\000i\000c\000\137\000o\000r\000d\000e\000r\000i\000n\000g}{section.4.1}% 32
\BOOKMARK [2][-]{subsection.4.1.6}{\376\377\000b\000a\000n\000d\000\137\000P\000O\000T\000\040\000\050\000P\000O\000T\000\040\000=\000\040\000G\000G\000A\000\040\000o\000r\000\040\000L\000D\000A\000\051}{section.4.1}% 33
\BOOKMARK [2][-]{subsection.4.1.7}{\376\377\000d\000o\000s\000\137\000P\000O\000T\000\040\000\050\000P\000O\000T\000\040\000=\000\040\000G\000G\000A\000\040\000o\000r\000\040\000L\000D\000A\000\051}{section.4.1}% 34
\BOOKMARK [2][-]{subsection.4.1.8}{\376\377\000d\000i\000e\000l\000e\000c\000t\000r\000i\000c\000\137\000P\000O\000T\000\040\000\050\000P\000O\000T\000\040\000=\000\040\000G\000G\000A\000\040\000o\000r\000\040\000L\000D\000A\000\051}{section.4.1}% 35
\BOOKMARK [2][-]{subsection.4.1.9}{\376\377\000h\000y\000b\000r\000i\000d\000\137\000P\000O\000T\0001\000\137\000P\000O\000T\0002\000\040\000\050\000P\000O\000T\000\040\000=\000\040\000G\000G\000A\000\040\000o\000r\000\040\000L\000D\000A\000\051}{section.4.1}% 36
\BOOKMARK [2][-]{subsection.4.1.10}{\376\377\000e\000f\000f\000m\000\137\000P\000O\000T\000\040\000\050\000P\000O\000T\000\040\000=\000\040\000G\000G\000A\000\040\000o\000r\000\040\000L\000D\000A\000\051}{section.4.1}% 37
\BOOKMARK [2][-]{subsection.4.1.11}{\376\377\000R\000e\000s\000u\000l\000t\000s}{section.4.1}% 38
\BOOKMARK [2][-]{subsection.4.1.12}{\376\377\000I\000N\000P\000U\000T\0000\000\137\000o\000l\000d}{section.4.1}% 39
\BOOKMARK [2][-]{subsection.4.1.13}{\376\377\000r\000e\000l\000a\000x\000\137\000P\000O\000T\000\137\000o\000l\000d\000\040\000\050\000P\000O\000T\000\040\000=\000\040\000G\000G\000A\000\040\000o\000r\000\040\000L\000D\000A\000\051}{section.4.1}% 40
\BOOKMARK [2][-]{subsection.4.1.14}{\376\377\000n\000a\000m\000e\000\137\000w\000i\000t\000h\000\137\000U}{section.4.1}% 41
\BOOKMARK [0][-]{chapter.5}{\376\377\000E\000x\000a\000m\000p\000l\000e\000s}{}% 42
\BOOKMARK [1][-]{section.5.1}{\376\377\000I\000n\000t\000r\000o\000d\000u\000c\000t\000i\000o\000n}{chapter.5}% 43
\BOOKMARK [1][-]{section.5.2}{\376\377\000E\000x\000e\000c\000u\000t\000e\000\040\000A\000M\000P\0002}{chapter.5}% 44
\BOOKMARK [1][-]{section.5.3}{\376\377\000C\000a\000l\000c\000u\000l\000a\000t\000i\000o\000n\000\040\000r\000e\000s\000u\000l\000t\000s}{chapter.5}% 45
\BOOKMARK [2][-]{subsection.5.3.1}{\376\377\000S\000i}{section.5.3}% 46
\BOOKMARK [2][-]{subsection.5.3.2}{\376\377\000G\000e}{section.5.3}% 47
\BOOKMARK [2][-]{subsection.5.3.3}{\376\377\000N\000i\000O}{section.5.3}% 48
\BOOKMARK [0][-]{chapter.6}{\376\377\000I\000n\000d\000i\000c\000e\000s\000\040\000a\000n\000d\000\040\000t\000a\000b\000l\000e\000s}{}% 49
